  DrawUnit.cpp
C:\Users\Scio\source\repos\Sneak\Sneak\DrawUnit.cpp(15,78): warning C4244: 'argument': conversion from 'int32_t' to 'T', possible loss of data
          with
          [
              T=float
          ]
C:\Users\Scio\source\repos\Sneak\Sneak\DrawUnit.cpp(15,47): warning C4244: 'argument': conversion from 'int32_t' to 'T', possible loss of data
          with
          [
              T=float
          ]
  GameEvents.cpp
  GameLoop.cpp
  InputHandler.cpp
  main.cpp
  Generating code
  Previous IPDB not found, fall back to full compilation.
  All 270 functions were compiled because no usable IPDB/IOBJ from previous compilation was found.
  Finished generating code
  Sneak.vcxproj -> C:\Users\Scio\source\repos\Sneak\x64\Release\Sneak.exe
